<?xml version="1.0" encoding="UTF-8"?>
<testng-results ignored="0" total="3" passed="3" failed="0" skipped="0">
  <reporter-output>
  </reporter-output>
  <suite started-at="2020-03-26T03:14:22Z" name="Command line suite" finished-at="2020-03-26T03:14:23Z" duration-ms="607">
    <groups>
    </groups>
    <test started-at="2020-03-26T03:14:22Z" name="Command line test" finished-at="2020-03-26T03:14:23Z" duration-ms="607">
      <class name="com.github.lindenb.jvarkit.tools.misc.VcfMultiToOneAlleleTest">
        <test-method signature="testNoMultiple()[pri:0, instance:com.github.lindenb.jvarkit.tools.misc.VcfMultiToOneAlleleTest@4034c28c]" started-at="2020-03-26T03:14:22Z" name="testNoMultiple" finished-at="2020-03-26T03:14:23Z" duration-ms="559" status="PASS">
          <reporter-output>
          </reporter-output>
        </test-method> <!-- testNoMultiple -->
        <test-method signature="testNoSampleNoMultiple()[pri:0, instance:com.github.lindenb.jvarkit.tools.misc.VcfMultiToOneAlleleTest@4034c28c]" started-at="2020-03-26T03:14:23Z" name="testNoSampleNoMultiple" finished-at="2020-03-26T03:14:23Z" duration-ms="15" status="PASS">
          <reporter-output>
          </reporter-output>
        </test-method> <!-- testNoSampleNoMultiple -->
        <test-method signature="testSimple()[pri:0, instance:com.github.lindenb.jvarkit.tools.misc.VcfMultiToOneAlleleTest@4034c28c]" started-at="2020-03-26T03:14:23Z" name="testSimple" finished-at="2020-03-26T03:14:23Z" duration-ms="16" status="PASS">
          <reporter-output>
          </reporter-output>
        </test-method> <!-- testSimple -->
      </class> <!-- com.github.lindenb.jvarkit.tools.misc.VcfMultiToOneAlleleTest -->
    </test> <!-- Command line test -->
  </suite> <!-- Command line suite -->
</testng-results>
